2011/06/14 09:51:39 [error] [exception.CHttpException.404] exception 'CHttpException' with message 'Невозможно обработать запрос "images/portfolio/b10.jpg".' in /media/data/www/ir.irk/framework/web/CWebApplication.php:332
Stack trace:
#0 /media/data/www/ir.irk/framework/web/CWebApplication.php(121): CWebApplication->runController('images/portfoli...')
#1 /media/data/www/ir.irk/framework/base/CApplication.php(155): CWebApplication->processRequest()
#2 /media/data/www/ir.irk/index.php(13): CApplication->run()
#3 {main} REQUEST_URI=/images/portfolio/b10.jpg
2011/06/14 09:52:23 [error] [php] Trying to get property of non-object (/media/data/www/ir.irk/protected/modules/admin/components/ModelFactory.php:211)
Stack trace:
#0 /media/data/www/ir.irk/framework/web/actions/CInlineAction.php(50): SiteController->actionIndex()
#1 /media/data/www/ir.irk/framework/web/CController.php(300): CInlineAction->runWithParams()
#2 /media/data/www/ir.irk/framework/web/CController.php(278): SiteController->runAction()
#3 /media/data/www/ir.irk/framework/web/CController.php(257): SiteController->runActionWithFilters()
#4 /media/data/www/ir.irk/framework/web/CWebApplication.php(328): SiteController->run()
#5 /media/data/www/ir.irk/framework/web/CWebApplication.php(121): CWebApplication->runController()
#6 /media/data/www/ir.irk/framework/base/CApplication.php(155): CWebApplication->processRequest()
#7 /media/data/www/ir.irk/index.php(13): CWebApplication->run()
REQUEST_URI=/partners
in /media/data/www/ir.irk/protected/modules/admin/components/ModelFactory.php (211)
in /media/data/www/ir.irk/protected/modules/admin/components/ModelFactory.php (12)
in /media/data/www/ir.irk/protected/controllers/SiteController.php (101)
2011/06/14 09:52:32 [error] [exception.CHttpException.404] exception 'CHttpException' with message 'Невозможно обработать запрос "images/portfolioWork/569.jpg".' in /media/data/www/ir.irk/framework/web/CWebApplication.php:332
Stack trace:
#0 /media/data/www/ir.irk/framework/web/CWebApplication.php(121): CWebApplication->runController('images/portfoli...')
#1 /media/data/www/ir.irk/framework/base/CApplication.php(155): CWebApplication->processRequest()
#2 /media/data/www/ir.irk/index.php(13): CApplication->run()
#3 {main} REQUEST_URI=/images/portfolioWork/569.jpg
2011/06/14 09:53:50 [error] [exception.CHttpException.404] exception 'CHttpException' with message 'Невозможно обработать запрос "images/portfolio/b10.jpg".' in /media/data/www/ir.irk/framework/web/CWebApplication.php:332
Stack trace:
#0 /media/data/www/ir.irk/framework/web/CWebApplication.php(121): CWebApplication->runController('images/portfoli...')
#1 /media/data/www/ir.irk/framework/base/CApplication.php(155): CWebApplication->processRequest()
#2 /media/data/www/ir.irk/index.php(13): CApplication->run()
#3 {main} REQUEST_URI=/images/portfolio/b10.jpg
2011/06/14 09:53:50 [error] [exception.CHttpException.404] exception 'CHttpException' with message 'Невозможно обработать запрос "images/portfolio/b10.jpg".' in /media/data/www/ir.irk/framework/web/CWebApplication.php:332
Stack trace:
#0 /media/data/www/ir.irk/framework/web/CWebApplication.php(121): CWebApplication->runController('images/portfoli...')
#1 /media/data/www/ir.irk/framework/base/CApplication.php(155): CWebApplication->processRequest()
#2 /media/data/www/ir.irk/index.php(13): CApplication->run()
#3 {main} REQUEST_URI=/images/portfolio/b10.jpg
2011/06/14 09:54:26 [error] [php] Trying to get property of non-object (/media/data/www/ir.irk/protected/modules/admin/components/ModelFactory.php:211)
Stack trace:
#0 /media/data/www/ir.irk/framework/web/actions/CInlineAction.php(50): SiteController->actionIndex()
#1 /media/data/www/ir.irk/framework/web/CController.php(300): CInlineAction->runWithParams()
#2 /media/data/www/ir.irk/framework/web/CController.php(278): SiteController->runAction()
#3 /media/data/www/ir.irk/framework/web/CController.php(257): SiteController->runActionWithFilters()
#4 /media/data/www/ir.irk/framework/web/CWebApplication.php(328): SiteController->run()
#5 /media/data/www/ir.irk/framework/web/CWebApplication.php(121): CWebApplication->runController()
#6 /media/data/www/ir.irk/framework/base/CApplication.php(155): CWebApplication->processRequest()
#7 /media/data/www/ir.irk/index.php(13): CWebApplication->run()
REQUEST_URI=/partners
in /media/data/www/ir.irk/protected/modules/admin/components/ModelFactory.php (211)
in /media/data/www/ir.irk/protected/modules/admin/components/ModelFactory.php (12)
in /media/data/www/ir.irk/protected/controllers/SiteController.php (101)
2011/06/14 09:54:32 [error] [exception.CHttpException.404] exception 'CHttpException' with message 'Невозможно обработать запрос "images/portfolio/b10.jpg".' in /media/data/www/ir.irk/framework/web/CWebApplication.php:332
Stack trace:
#0 /media/data/www/ir.irk/framework/web/CWebApplication.php(121): CWebApplication->runController('images/portfoli...')
#1 /media/data/www/ir.irk/framework/base/CApplication.php(155): CWebApplication->processRequest()
#2 /media/data/www/ir.irk/index.php(13): CApplication->run()
#3 {main} REQUEST_URI=/images/portfolio/b10.jpg
2011/06/14 09:54:32 [error] [exception.CHttpException.404] exception 'CHttpException' with message 'Невозможно обработать запрос "images/portfolio/b10.jpg".' in /media/data/www/ir.irk/framework/web/CWebApplication.php:332
Stack trace:
#0 /media/data/www/ir.irk/framework/web/CWebApplication.php(121): CWebApplication->runController('images/portfoli...')
#1 /media/data/www/ir.irk/framework/base/CApplication.php(155): CWebApplication->processRequest()
#2 /media/data/www/ir.irk/index.php(13): CApplication->run()
#3 {main} REQUEST_URI=/images/portfolio/b10.jpg
2011/06/14 09:54:43 [error] [php] Trying to get property of non-object (/media/data/www/ir.irk/protected/modules/admin/components/ModelFactory.php:211)
Stack trace:
#0 /media/data/www/ir.irk/framework/web/actions/CInlineAction.php(50): SiteController->actionIndex()
#1 /media/data/www/ir.irk/framework/web/CController.php(300): CInlineAction->runWithParams()
#2 /media/data/www/ir.irk/framework/web/CController.php(278): SiteController->runAction()
#3 /media/data/www/ir.irk/framework/web/CController.php(257): SiteController->runActionWithFilters()
#4 /media/data/www/ir.irk/framework/web/CWebApplication.php(328): SiteController->run()
#5 /media/data/www/ir.irk/framework/web/CWebApplication.php(121): CWebApplication->runController()
#6 /media/data/www/ir.irk/framework/base/CApplication.php(155): CWebApplication->processRequest()
#7 /media/data/www/ir.irk/index.php(13): CWebApplication->run()
REQUEST_URI=/partners
in /media/data/www/ir.irk/protected/modules/admin/components/ModelFactory.php (211)
in /media/data/www/ir.irk/protected/modules/admin/components/ModelFactory.php (12)
in /media/data/www/ir.irk/protected/controllers/SiteController.php (101)
2011/06/14 09:55:47 [error] [php] Trying to get property of non-object (/media/data/www/ir.irk/protected/modules/admin/components/ModelFactory.php:211)
Stack trace:
#0 /media/data/www/ir.irk/framework/web/actions/CInlineAction.php(50): SiteController->actionIndex()
#1 /media/data/www/ir.irk/framework/web/CController.php(300): CInlineAction->runWithParams()
#2 /media/data/www/ir.irk/framework/web/CController.php(278): SiteController->runAction()
#3 /media/data/www/ir.irk/framework/web/CController.php(257): SiteController->runActionWithFilters()
#4 /media/data/www/ir.irk/framework/web/CWebApplication.php(328): SiteController->run()
#5 /media/data/www/ir.irk/framework/web/CWebApplication.php(121): CWebApplication->runController()
#6 /media/data/www/ir.irk/framework/base/CApplication.php(155): CWebApplication->processRequest()
#7 /media/data/www/ir.irk/index.php(13): CWebApplication->run()
REQUEST_URI=/partners
in /media/data/www/ir.irk/protected/modules/admin/components/ModelFactory.php (211)
in /media/data/www/ir.irk/protected/modules/admin/components/ModelFactory.php (12)
in /media/data/www/ir.irk/protected/controllers/SiteController.php (101)
2011/06/14 10:12:11 [warning] [application] Не удалось присвоить небезопасный атрибут "alias".
in /media/data/www/ir.irk/protected/modules/admin/components/AdminBaseController.php (91)
in /media/data/www/ir.irk/index.php (13)
2011/06/14 10:12:34 [warning] [application] Не удалось присвоить небезопасный атрибут "alias".
in /media/data/www/ir.irk/protected/modules/admin/components/AdminBaseController.php (91)
in /media/data/www/ir.irk/index.php (13)
2011/06/14 10:15:53 [error] [php] Undefined offset: 0 (/media/data/www/ir.irk/protected/models/Category.php:133)
Stack trace:
#0 /media/data/www/ir.irk/protected/components/Renderers/CategoryRenderer.php(41): CategoryRenderer->getMenu()
#1 /media/data/www/ir.irk/protected/components/Renderers/BaseRenderer.php(112): CategoryRenderer->parse()
#2 /media/data/www/ir.irk/protected/components/Renderers/CategoryRenderer.php(32): CategoryRenderer->getPortlet()
#3 /media/data/www/ir.irk/protected/components/BaseClasses/DbRenderController.php(12): CategoryRenderer->parse()
#4 /media/data/www/ir.irk/protected/controllers/SiteController.php(113): SiteController->render()
#5 /media/data/www/ir.irk/framework/web/actions/CInlineAction.php(50): SiteController->actionIndex()
#6 /media/data/www/ir.irk/framework/web/CController.php(300): CInlineAction->runWithParams()
#7 /media/data/www/ir.irk/framework/web/CController.php(278): SiteController->runAction()
#8 /media/data/www/ir.irk/framework/web/CController.php(257): SiteController->runActionWithFilters()
#9 /media/data/www/ir.irk/framework/web/CWebApplication.php(328): SiteController->run()
#10 /media/data/www/ir.irk/framework/web/CWebApplication.php(121): CWebApplication->runController()
#11 /media/data/www/ir.irk/framework/base/CApplication.php(155): CWebApplication->processRequest()
#12 /media/data/www/ir.irk/index.php(13): CWebApplication->run()
REQUEST_URI=/services/create
in /media/data/www/ir.irk/protected/models/Category.php (133)
in /media/data/www/ir.irk/protected/models/Category.php (136)
in /media/data/www/ir.irk/protected/components/Renderers/CategoryRenderer.php (111)
2011/06/14 10:17:07 [error] [php] Undefined offset: 0 (/media/data/www/ir.irk/protected/models/Category.php:133)
Stack trace:
#0 /media/data/www/ir.irk/protected/components/Renderers/CategoryRenderer.php(41): CategoryRenderer->getMenu()
#1 /media/data/www/ir.irk/protected/components/Renderers/BaseRenderer.php(112): CategoryRenderer->parse()
#2 /media/data/www/ir.irk/protected/components/Renderers/CategoryRenderer.php(32): CategoryRenderer->getPortlet()
#3 /media/data/www/ir.irk/protected/components/BaseClasses/DbRenderController.php(12): CategoryRenderer->parse()
#4 /media/data/www/ir.irk/protected/controllers/SiteController.php(113): SiteController->render()
#5 /media/data/www/ir.irk/framework/web/actions/CInlineAction.php(50): SiteController->actionIndex()
#6 /media/data/www/ir.irk/framework/web/CController.php(300): CInlineAction->runWithParams()
#7 /media/data/www/ir.irk/framework/web/CController.php(278): SiteController->runAction()
#8 /media/data/www/ir.irk/framework/web/CController.php(257): SiteController->runActionWithFilters()
#9 /media/data/www/ir.irk/framework/web/CWebApplication.php(328): SiteController->run()
#10 /media/data/www/ir.irk/framework/web/CWebApplication.php(121): CWebApplication->runController()
#11 /media/data/www/ir.irk/framework/base/CApplication.php(155): CWebApplication->processRequest()
#12 /media/data/www/ir.irk/index.php(13): CWebApplication->run()
REQUEST_URI=/services/create
in /media/data/www/ir.irk/protected/models/Category.php (133)
in /media/data/www/ir.irk/protected/models/Category.php (136)
in /media/data/www/ir.irk/protected/components/Renderers/CategoryRenderer.php (111)
2011/06/14 10:17:54 [error] [exception.CHttpException.404] exception 'CHttpException' with message 'Невозможно обработать запрос "images/portfolio/b10.jpg".' in /media/data/www/ir.irk/framework/web/CWebApplication.php:332
Stack trace:
#0 /media/data/www/ir.irk/framework/web/CWebApplication.php(121): CWebApplication->runController('images/portfoli...')
#1 /media/data/www/ir.irk/framework/base/CApplication.php(155): CWebApplication->processRequest()
#2 /media/data/www/ir.irk/index.php(13): CApplication->run()
#3 {main} REQUEST_URI=/images/portfolio/b10.jpg
2011/06/14 10:17:55 [error] [php] Undefined offset: 0 (/media/data/www/ir.irk/protected/models/Category.php:133)
Stack trace:
#0 /media/data/www/ir.irk/protected/components/Renderers/CategoryRenderer.php(41): CategoryRenderer->getMenu()
#1 /media/data/www/ir.irk/protected/components/Renderers/BaseRenderer.php(112): CategoryRenderer->parse()
#2 /media/data/www/ir.irk/protected/components/Renderers/CategoryRenderer.php(32): CategoryRenderer->getPortlet()
#3 /media/data/www/ir.irk/protected/components/BaseClasses/DbRenderController.php(12): CategoryRenderer->parse()
#4 /media/data/www/ir.irk/protected/controllers/SiteController.php(113): SiteController->render()
#5 /media/data/www/ir.irk/framework/web/actions/CInlineAction.php(50): SiteController->actionIndex()
#6 /media/data/www/ir.irk/framework/web/CController.php(300): CInlineAction->runWithParams()
#7 /media/data/www/ir.irk/framework/web/CController.php(278): SiteController->runAction()
#8 /media/data/www/ir.irk/framework/web/CController.php(257): SiteController->runActionWithFilters()
#9 /media/data/www/ir.irk/framework/web/CWebApplication.php(328): SiteController->run()
#10 /media/data/www/ir.irk/framework/web/CWebApplication.php(121): CWebApplication->runController()
#11 /media/data/www/ir.irk/framework/base/CApplication.php(155): CWebApplication->processRequest()
#12 /media/data/www/ir.irk/index.php(13): CWebApplication->run()
REQUEST_URI=/services/multimedia
in /media/data/www/ir.irk/protected/models/Category.php (133)
in /media/data/www/ir.irk/protected/models/Category.php (136)
in /media/data/www/ir.irk/protected/components/Renderers/CategoryRenderer.php (111)
2011/06/14 10:18:25 [error] [php] Undefined offset: 0 (/media/data/www/ir.irk/protected/models/Category.php:133)
Stack trace:
#0 /media/data/www/ir.irk/protected/components/Renderers/CategoryRenderer.php(41): CategoryRenderer->getMenu()
#1 /media/data/www/ir.irk/protected/components/Renderers/BaseRenderer.php(112): CategoryRenderer->parse()
#2 /media/data/www/ir.irk/protected/components/Renderers/CategoryRenderer.php(32): CategoryRenderer->getPortlet()
#3 /media/data/www/ir.irk/protected/components/BaseClasses/DbRenderController.php(12): CategoryRenderer->parse()
#4 /media/data/www/ir.irk/protected/controllers/SiteController.php(113): SiteController->render()
#5 /media/data/www/ir.irk/framework/web/actions/CInlineAction.php(50): SiteController->actionIndex()
#6 /media/data/www/ir.irk/framework/web/CController.php(300): CInlineAction->runWithParams()
#7 /media/data/www/ir.irk/framework/web/CController.php(278): SiteController->runAction()
#8 /media/data/www/ir.irk/framework/web/CController.php(257): SiteController->runActionWithFilters()
#9 /media/data/www/ir.irk/framework/web/CWebApplication.php(328): SiteController->run()
#10 /media/data/www/ir.irk/framework/web/CWebApplication.php(121): CWebApplication->runController()
#11 /media/data/www/ir.irk/framework/base/CApplication.php(155): CWebApplication->processRequest()
#12 /media/data/www/ir.irk/index.php(13): CWebApplication->run()
REQUEST_URI=/services/multimedia
in /media/data/www/ir.irk/protected/models/Category.php (133)
in /media/data/www/ir.irk/protected/models/Category.php (136)
in /media/data/www/ir.irk/protected/components/Renderers/CategoryRenderer.php (111)
2011/06/14 10:20:13 [error] [exception.CHttpException.404] exception 'CHttpException' with message 'Невозможно обработать запрос "images/portfolio/b10.jpg".' in /media/data/www/ir.irk/framework/web/CWebApplication.php:332
Stack trace:
#0 /media/data/www/ir.irk/framework/web/CWebApplication.php(121): CWebApplication->runController('images/portfoli...')
#1 /media/data/www/ir.irk/framework/base/CApplication.php(155): CWebApplication->processRequest()
#2 /media/data/www/ir.irk/index.php(13): CApplication->run()
#3 {main} REQUEST_URI=/images/portfolio/b10.jpg
2011/06/14 10:21:00 [error] [exception.CHttpException.404] exception 'CHttpException' with message 'Невозможно обработать запрос "images/portfolio/b10.jpg".' in /media/data/www/ir.irk/framework/web/CWebApplication.php:332
Stack trace:
#0 /media/data/www/ir.irk/framework/web/CWebApplication.php(121): CWebApplication->runController('images/portfoli...')
#1 /media/data/www/ir.irk/framework/base/CApplication.php(155): CWebApplication->processRequest()
#2 /media/data/www/ir.irk/index.php(13): CApplication->run()
#3 {main} REQUEST_URI=/images/portfolio/b10.jpg
2011/06/14 10:25:08 [warning] [application] Не удалось присвоить небезопасный атрибут "portfolioWorksIds".
in /media/data/www/ir.irk/protected/modules/admin/components/AdminBaseController.php (91)
in /media/data/www/ir.irk/index.php (13)
2011/06/14 10:41:31 [error] [exception.CException] exception 'CException' with message 'Не определено свойство "Portfolio.second_title".' in /media/data/www/ir.irk/framework/base/CComponent.php:131
Stack trace:
#0 /media/data/www/ir.irk/framework/db/ar/CActiveRecord.php(129): CComponent->__get('second_title')
#1 /media/data/www/ir.irk/framework/web/helpers/CHtml.php(2050): CActiveRecord->__get('second_title')
#2 /media/data/www/ir.irk/framework/web/helpers/CHtml.php(1777): CHtml::resolveValue(Object(Portfolio), 'second_title')
#3 /media/data/www/ir.irk/framework/web/helpers/CHtml.php(1186): CHtml::activeInputField('text', Object(Portfolio), 'second_title', Array)
#4 /media/data/www/ir.irk/framework/web/widgets/CActiveForm.php(567): CHtml::activeTextField(Object(Portfolio), 'second_title', Array)
#5 /media/data/www/ir.irk/protected/modules/admin/components/Admin.php(97): CActiveForm->textField(Object(Portfolio), 'second_title', Array)
#6 /media/data/www/ir.irk/protected/runtime/views/2f4efef9/_form.php(12): Admin::makeTextFields(Object(CActiveForm), Object(Portfolio), Array)
#7 /media/data/www/ir.irk/framework/web/CBaseController.php(119): require('/media/data/www...')
#8 /media/data/www/ir.irk/framework/web/renderers/CViewRenderer.php(78): CBaseController->renderInternal('/media/data/www...', Array, true)
#9 /media/data/www/ir.irk/framework/web/CBaseController.php(86): CViewRenderer->renderFile(Object(PortfoliosController), '/media/data/www...', Array, true)
#10 /media/data/www/ir.irk/framework/web/CController.php(866): CBaseController->renderFile('/media/data/www...', Array, true)
#11 /media/data/www/ir.irk/protected/runtime/views/2f4efef9/update.php(3): CController->renderPartial('_form', Array)
#12 /media/data/www/ir.irk/framework/web/CBaseController.php(119): require('/media/data/www...')
#13 /media/data/www/ir.irk/framework/web/renderers/CViewRenderer.php(78): CBaseController->renderInternal('/media/data/www...', Array, true)
#14 /media/data/www/ir.irk/framework/web/CBaseController.php(86): CViewRenderer->renderFile(Object(PortfoliosController), '/media/data/www...', Array, true)
#15 /media/data/www/ir.irk/framework/web/CController.php(866): CBaseController->renderFile('/media/data/www...', Array, true)
#16 /media/data/www/ir.irk/framework/web/CController.php(779): CController->renderPartial('update', Array, true)
#17 /media/data/www/ir.irk/protected/modules/admin/components/AdminBaseController.php(100): CController->render('update', Array)
#18 [internal function]: AdminBaseController->actionUpdate('13', Array)
#19 /media/data/www/ir.irk/framework/web/actions/CAction.php(104): ReflectionMethod->invokeArgs(Object(PortfoliosController), Array)
#20 /media/data/www/ir.irk/framework/web/actions/CInlineAction.php(48): CAction->runWithParamsInternal(Object(PortfoliosController), Object(ReflectionMethod), Array)
#21 /media/data/www/ir.irk/framework/web/CController.php(300): CInlineAction->runWithParams(Array)
#22 /media/data/www/ir.irk/framework/web/filters/CFilterChain.php(133): CController->runAction(Object(CInlineAction))
#23 /media/data/www/ir.irk/framework/web/filters/CFilter.php(41): CFilterChain->run()
#24 /media/data/www/ir.irk/framework/web/CController.php(1122): CFilter->filter(Object(CFilterChain))
#25 /media/data/www/ir.irk/framework/web/filters/CInlineFilter.php(59): CController->filterAccessControl(Object(CFilterChain))
#26 /media/data/www/ir.irk/framework/web/filters/CFilterChain.php(130): CInlineFilter->filter(Object(CFilterChain))
#27 /media/data/www/ir.irk/framework/web/CController.php(283): CFilterChain->run()
#28 /media/data/www/ir.irk/framework/web/CController.php(257): CController->runActionWithFilters(Object(CInlineAction), Array)
#29 /media/data/www/ir.irk/framework/web/CWebApplication.php(328): CController->run('update')
#30 /media/data/www/ir.irk/framework/web/CWebApplication.php(121): CWebApplication->runController('admin/portfolio...')
#31 /media/data/www/ir.irk/framework/base/CApplication.php(155): CWebApplication->processRequest()
#32 /media/data/www/ir.irk/index.php(13): CApplication->run()
#33 {main} REQUEST_URI=/admin/portfolios/update?id=13
2011/06/14 10:41:33 [error] [exception.CException] exception 'CException' with message 'Не определено свойство "Portfolio.second_title".' in /media/data/www/ir.irk/framework/base/CComponent.php:131
Stack trace:
#0 /media/data/www/ir.irk/framework/db/ar/CActiveRecord.php(129): CComponent->__get('second_title')
#1 /media/data/www/ir.irk/framework/web/helpers/CHtml.php(2050): CActiveRecord->__get('second_title')
#2 /media/data/www/ir.irk/framework/web/helpers/CHtml.php(1777): CHtml::resolveValue(Object(Portfolio), 'second_title')
#3 /media/data/www/ir.irk/framework/web/helpers/CHtml.php(1186): CHtml::activeInputField('text', Object(Portfolio), 'second_title', Array)
#4 /media/data/www/ir.irk/framework/web/widgets/CActiveForm.php(567): CHtml::activeTextField(Object(Portfolio), 'second_title', Array)
#5 /media/data/www/ir.irk/protected/modules/admin/components/Admin.php(97): CActiveForm->textField(Object(Portfolio), 'second_title', Array)
#6 /media/data/www/ir.irk/protected/runtime/views/2f4efef9/_form.php(12): Admin::makeTextFields(Object(CActiveForm), Object(Portfolio), Array)
#7 /media/data/www/ir.irk/framework/web/CBaseController.php(119): require('/media/data/www...')
#8 /media/data/www/ir.irk/framework/web/renderers/CViewRenderer.php(78): CBaseController->renderInternal('/media/data/www...', Array, true)
#9 /media/data/www/ir.irk/framework/web/CBaseController.php(86): CViewRenderer->renderFile(Object(PortfoliosController), '/media/data/www...', Array, true)
#10 /media/data/www/ir.irk/framework/web/CController.php(866): CBaseController->renderFile('/media/data/www...', Array, true)
#11 /media/data/www/ir.irk/protected/runtime/views/2f4efef9/update.php(3): CController->renderPartial('_form', Array)
#12 /media/data/www/ir.irk/framework/web/CBaseController.php(119): require('/media/data/www...')
#13 /media/data/www/ir.irk/framework/web/renderers/CViewRenderer.php(78): CBaseController->renderInternal('/media/data/www...', Array, true)
#14 /media/data/www/ir.irk/framework/web/CBaseController.php(86): CViewRenderer->renderFile(Object(PortfoliosController), '/media/data/www...', Array, true)
#15 /media/data/www/ir.irk/framework/web/CController.php(866): CBaseController->renderFile('/media/data/www...', Array, true)
#16 /media/data/www/ir.irk/framework/web/CController.php(779): CController->renderPartial('update', Array, true)
#17 /media/data/www/ir.irk/protected/modules/admin/components/AdminBaseController.php(100): CController->render('update', Array)
#18 [internal function]: AdminBaseController->actionUpdate('13', Array)
#19 /media/data/www/ir.irk/framework/web/actions/CAction.php(104): ReflectionMethod->invokeArgs(Object(PortfoliosController), Array)
#20 /media/data/www/ir.irk/framework/web/actions/CInlineAction.php(48): CAction->runWithParamsInternal(Object(PortfoliosController), Object(ReflectionMethod), Array)
#21 /media/data/www/ir.irk/framework/web/CController.php(300): CInlineAction->runWithParams(Array)
#22 /media/data/www/ir.irk/framework/web/filters/CFilterChain.php(133): CController->runAction(Object(CInlineAction))
#23 /media/data/www/ir.irk/framework/web/filters/CFilter.php(41): CFilterChain->run()
#24 /media/data/www/ir.irk/framework/web/CController.php(1122): CFilter->filter(Object(CFilterChain))
#25 /media/data/www/ir.irk/framework/web/filters/CInlineFilter.php(59): CController->filterAccessControl(Object(CFilterChain))
#26 /media/data/www/ir.irk/framework/web/filters/CFilterChain.php(130): CInlineFilter->filter(Object(CFilterChain))
#27 /media/data/www/ir.irk/framework/web/CController.php(283): CFilterChain->run()
#28 /media/data/www/ir.irk/framework/web/CController.php(257): CController->runActionWithFilters(Object(CInlineAction), Array)
#29 /media/data/www/ir.irk/framework/web/CWebApplication.php(328): CController->run('update')
#30 /media/data/www/ir.irk/framework/web/CWebApplication.php(121): CWebApplication->runController('admin/portfolio...')
#31 /media/data/www/ir.irk/framework/base/CApplication.php(155): CWebApplication->processRequest()
#32 /media/data/www/ir.irk/index.php(13): CApplication->run()
#33 {main} REQUEST_URI=/admin/portfolios/update?id=13
2011/06/14 10:41:34 [error] [exception.CException] exception 'CException' with message 'Не определено свойство "Portfolio.second_title".' in /media/data/www/ir.irk/framework/base/CComponent.php:131
Stack trace:
#0 /media/data/www/ir.irk/framework/db/ar/CActiveRecord.php(129): CComponent->__get('second_title')
#1 /media/data/www/ir.irk/framework/web/helpers/CHtml.php(2050): CActiveRecord->__get('second_title')
#2 /media/data/www/ir.irk/framework/web/helpers/CHtml.php(1777): CHtml::resolveValue(Object(Portfolio), 'second_title')
#3 /media/data/www/ir.irk/framework/web/helpers/CHtml.php(1186): CHtml::activeInputField('text', Object(Portfolio), 'second_title', Array)
#4 /media/data/www/ir.irk/framework/web/widgets/CActiveForm.php(567): CHtml::activeTextField(Object(Portfolio), 'second_title', Array)
#5 /media/data/www/ir.irk/protected/modules/admin/components/Admin.php(97): CActiveForm->textField(Object(Portfolio), 'second_title', Array)
#6 /media/data/www/ir.irk/protected/runtime/views/2f4efef9/_form.php(12): Admin::makeTextFields(Object(CActiveForm), Object(Portfolio), Array)
#7 /media/data/www/ir.irk/framework/web/CBaseController.php(119): require('/media/data/www...')
#8 /media/data/www/ir.irk/framework/web/renderers/CViewRenderer.php(78): CBaseController->renderInternal('/media/data/www...', Array, true)
#9 /media/data/www/ir.irk/framework/web/CBaseController.php(86): CViewRenderer->renderFile(Object(PortfoliosController), '/media/data/www...', Array, true)
#10 /media/data/www/ir.irk/framework/web/CController.php(866): CBaseController->renderFile('/media/data/www...', Array, true)
#11 /media/data/www/ir.irk/protected/runtime/views/2f4efef9/update.php(3): CController->renderPartial('_form', Array)
#12 /media/data/www/ir.irk/framework/web/CBaseController.php(119): require('/media/data/www...')
#13 /media/data/www/ir.irk/framework/web/renderers/CViewRenderer.php(78): CBaseController->renderInternal('/media/data/www...', Array, true)
#14 /media/data/www/ir.irk/framework/web/CBaseController.php(86): CViewRenderer->renderFile(Object(PortfoliosController), '/media/data/www...', Array, true)
#15 /media/data/www/ir.irk/framework/web/CController.php(866): CBaseController->renderFile('/media/data/www...', Array, true)
#16 /media/data/www/ir.irk/framework/web/CController.php(779): CController->renderPartial('update', Array, true)
#17 /media/data/www/ir.irk/protected/modules/admin/components/AdminBaseController.php(100): CController->render('update', Array)
#18 [internal function]: AdminBaseController->actionUpdate('13', Array)
#19 /media/data/www/ir.irk/framework/web/actions/CAction.php(104): ReflectionMethod->invokeArgs(Object(PortfoliosController), Array)
#20 /media/data/www/ir.irk/framework/web/actions/CInlineAction.php(48): CAction->runWithParamsInternal(Object(PortfoliosController), Object(ReflectionMethod), Array)
#21 /media/data/www/ir.irk/framework/web/CController.php(300): CInlineAction->runWithParams(Array)
#22 /media/data/www/ir.irk/framework/web/filters/CFilterChain.php(133): CController->runAction(Object(CInlineAction))
#23 /media/data/www/ir.irk/framework/web/filters/CFilter.php(41): CFilterChain->run()
#24 /media/data/www/ir.irk/framework/web/CController.php(1122): CFilter->filter(Object(CFilterChain))
#25 /media/data/www/ir.irk/framework/web/filters/CInlineFilter.php(59): CController->filterAccessControl(Object(CFilterChain))
#26 /media/data/www/ir.irk/framework/web/filters/CFilterChain.php(130): CInlineFilter->filter(Object(CFilterChain))
#27 /media/data/www/ir.irk/framework/web/CController.php(283): CFilterChain->run()
#28 /media/data/www/ir.irk/framework/web/CController.php(257): CController->runActionWithFilters(Object(CInlineAction), Array)
#29 /media/data/www/ir.irk/framework/web/CWebApplication.php(328): CController->run('update')
#30 /media/data/www/ir.irk/framework/web/CWebApplication.php(121): CWebApplication->runController('admin/portfolio...')
#31 /media/data/www/ir.irk/framework/base/CApplication.php(155): CWebApplication->processRequest()
#32 /media/data/www/ir.irk/index.php(13): CApplication->run()
#33 {main} REQUEST_URI=/admin/portfolios/update?id=13
2011/06/14 11:59:54 [error] [exception.CException] exception 'CException' with message 'Контроллер PagesController не может найти представление "update".' in /media/data/www/ir.irk/framework/web/CController.php:875
Stack trace:
#0 /media/data/www/ir.irk/framework/web/CController.php(779): CController->renderPartial('update', Array, true)
#1 /media/data/www/ir.irk/protected/modules/admin/components/AdminBaseController.php(100): CController->render('update', Array)
#2 [internal function]: AdminBaseController->actionUpdate('10', Array)
#3 /media/data/www/ir.irk/framework/web/actions/CAction.php(104): ReflectionMethod->invokeArgs(Object(PagesController), Array)
#4 /media/data/www/ir.irk/framework/web/actions/CInlineAction.php(48): CAction->runWithParamsInternal(Object(PagesController), Object(ReflectionMethod), Array)
#5 /media/data/www/ir.irk/framework/web/CController.php(300): CInlineAction->runWithParams(Array)
#6 /media/data/www/ir.irk/framework/web/filters/CFilterChain.php(133): CController->runAction(Object(CInlineAction))
#7 /media/data/www/ir.irk/framework/web/filters/CFilter.php(41): CFilterChain->run()
#8 /media/data/www/ir.irk/framework/web/CController.php(1122): CFilter->filter(Object(CFilterChain))
#9 /media/data/www/ir.irk/framework/web/filters/CInlineFilter.php(59): CController->filterAccessControl(Object(CFilterChain))
#10 /media/data/www/ir.irk/framework/web/filters/CFilterChain.php(130): CInlineFilter->filter(Object(CFilterChain))
#11 /media/data/www/ir.irk/framework/web/CController.php(283): CFilterChain->run()
#12 /media/data/www/ir.irk/framework/web/CController.php(257): CController->runActionWithFilters(Object(CInlineAction), Array)
#13 /media/data/www/ir.irk/framework/web/CWebApplication.php(328): CController->run('update')
#14 /media/data/www/ir.irk/framework/web/CWebApplication.php(121): CWebApplication->runController('admin/pages/upd...')
#15 /media/data/www/ir.irk/framework/base/CApplication.php(155): CWebApplication->processRequest()
#16 /media/data/www/ir.irk/index.php(13): CApplication->run()
#17 {main} REQUEST_URI=/admin/pages/update?id=10
2011/06/14 12:13:17 [error] [php] Undefined variable: attr (/media/data/www/ir.irk/protected/runtime/views/4ffdfb12/_form.php:13)
Stack trace:
#0 /media/data/www/ir.irk/framework/web/CBaseController.php(86): CPradoViewRenderer->renderFile()
#1 /media/data/www/ir.irk/framework/web/CController.php(866): PagesController->renderFile()
#2 /media/data/www/ir.irk/protected/runtime/views/4ffdfb12/update.php(3): PagesController->renderPartial()
#3 /media/data/www/ir.irk/framework/web/CBaseController.php(119): require()
#4 /media/data/www/ir.irk/framework/web/renderers/CViewRenderer.php(78): PagesController->renderInternal()
#5 /media/data/www/ir.irk/framework/web/CBaseController.php(86): CPradoViewRenderer->renderFile()
#6 /media/data/www/ir.irk/framework/web/CController.php(866): PagesController->renderFile()
#7 /media/data/www/ir.irk/framework/web/CController.php(779): PagesController->renderPartial()
#8 /media/data/www/ir.irk/protected/modules/admin/components/AdminBaseController.php(100): PagesController->render()
#9 unknown(0): PagesController->actionUpdate()
#10 /media/data/www/ir.irk/framework/web/actions/CAction.php(104): ReflectionMethod->invokeArgs()
#11 /media/data/www/ir.irk/framework/web/actions/CInlineAction.php(48): CInlineAction->runWithParamsInternal()
#12 /media/data/www/ir.irk/framework/web/CController.php(300): CInlineAction->runWithParams()
#13 /media/data/www/ir.irk/framework/web/filters/CFilterChain.php(133): PagesController->runAction()
#14 /media/data/www/ir.irk/framework/web/filters/CFilter.php(41): CFilterChain->run()
#15 /media/data/www/ir.irk/framework/web/CController.php(1122): CAccessControlFilter->filter()
#16 /media/data/www/ir.irk/framework/web/filters/CInlineFilter.php(59): PagesController->filterAccessControl()
#17 /media/data/www/ir.irk/framework/web/filters/CFilterChain.php(130): CInlineFilter->filter()
#18 /media/data/www/ir.irk/framework/web/CController.php(283): CFilterChain->run()
#19 /media/data/www/ir.irk/framework/web/CController.php(257): PagesController->runActionWithFilters()
#20 /media/data/www/ir.irk/framework/web/CWebApplication.php(328): PagesController->run()
#21 /media/data/www/ir.irk/framework/web/CWebApplication.php(121): CWebApplication->runController()
#22 /media/data/www/ir.irk/framework/base/CApplication.php(155): CWebApplication->processRequest()
#23 /media/data/www/ir.irk/index.php(13): CWebApplication->run()
REQUEST_URI=/admin/pages/update?id=4
in /media/data/www/ir.irk/protected/runtime/views/4ffdfb12/_form.php (13)
in /media/data/www/ir.irk/protected/runtime/views/4ffdfb12/update.php (3)
in /media/data/www/ir.irk/protected/modules/admin/components/AdminBaseController.php (100)
2011/06/14 12:13:33 [error] [php] Undefined variable: attr (/media/data/www/ir.irk/protected/runtime/views/4ffdfb12/_form.php:13)
Stack trace:
#0 /media/data/www/ir.irk/framework/web/CBaseController.php(86): CPradoViewRenderer->renderFile()
#1 /media/data/www/ir.irk/framework/web/CController.php(866): PagesController->renderFile()
#2 /media/data/www/ir.irk/protected/runtime/views/4ffdfb12/update.php(3): PagesController->renderPartial()
#3 /media/data/www/ir.irk/framework/web/CBaseController.php(119): require()
#4 /media/data/www/ir.irk/framework/web/renderers/CViewRenderer.php(78): PagesController->renderInternal()
#5 /media/data/www/ir.irk/framework/web/CBaseController.php(86): CPradoViewRenderer->renderFile()
#6 /media/data/www/ir.irk/framework/web/CController.php(866): PagesController->renderFile()
#7 /media/data/www/ir.irk/framework/web/CController.php(779): PagesController->renderPartial()
#8 /media/data/www/ir.irk/protected/modules/admin/components/AdminBaseController.php(100): PagesController->render()
#9 unknown(0): PagesController->actionUpdate()
#10 /media/data/www/ir.irk/framework/web/actions/CAction.php(104): ReflectionMethod->invokeArgs()
#11 /media/data/www/ir.irk/framework/web/actions/CInlineAction.php(48): CInlineAction->runWithParamsInternal()
#12 /media/data/www/ir.irk/framework/web/CController.php(300): CInlineAction->runWithParams()
#13 /media/data/www/ir.irk/framework/web/filters/CFilterChain.php(133): PagesController->runAction()
#14 /media/data/www/ir.irk/framework/web/filters/CFilter.php(41): CFilterChain->run()
#15 /media/data/www/ir.irk/framework/web/CController.php(1122): CAccessControlFilter->filter()
#16 /media/data/www/ir.irk/framework/web/filters/CInlineFilter.php(59): PagesController->filterAccessControl()
#17 /media/data/www/ir.irk/framework/web/filters/CFilterChain.php(130): CInlineFilter->filter()
#18 /media/data/www/ir.irk/framework/web/CController.php(283): CFilterChain->run()
#19 /media/data/www/ir.irk/framework/web/CController.php(257): PagesController->runActionWithFilters()
#20 /media/data/www/ir.irk/framework/web/CWebApplication.php(328): PagesController->run()
#21 /media/data/www/ir.irk/framework/web/CWebApplication.php(121): CWebApplication->runController()
#22 /media/data/www/ir.irk/framework/base/CApplication.php(155): CWebApplication->processRequest()
#23 /media/data/www/ir.irk/index.php(13): CWebApplication->run()
REQUEST_URI=/admin/pages/update?id=4
in /media/data/www/ir.irk/protected/runtime/views/4ffdfb12/_form.php (13)
in /media/data/www/ir.irk/protected/runtime/views/4ffdfb12/update.php (3)
in /media/data/www/ir.irk/protected/modules/admin/components/AdminBaseController.php (100)
2011/06/14 12:13:35 [error] [php] Undefined variable: attr (/media/data/www/ir.irk/protected/runtime/views/4ffdfb12/_form.php:13)
Stack trace:
#0 /media/data/www/ir.irk/framework/web/CBaseController.php(86): CPradoViewRenderer->renderFile()
#1 /media/data/www/ir.irk/framework/web/CController.php(866): PagesController->renderFile()
#2 /media/data/www/ir.irk/protected/runtime/views/4ffdfb12/update.php(3): PagesController->renderPartial()
#3 /media/data/www/ir.irk/framework/web/CBaseController.php(119): require()
#4 /media/data/www/ir.irk/framework/web/renderers/CViewRenderer.php(78): PagesController->renderInternal()
#5 /media/data/www/ir.irk/framework/web/CBaseController.php(86): CPradoViewRenderer->renderFile()
#6 /media/data/www/ir.irk/framework/web/CController.php(866): PagesController->renderFile()
#7 /media/data/www/ir.irk/framework/web/CController.php(779): PagesController->renderPartial()
#8 /media/data/www/ir.irk/protected/modules/admin/components/AdminBaseController.php(100): PagesController->render()
#9 unknown(0): PagesController->actionUpdate()
#10 /media/data/www/ir.irk/framework/web/actions/CAction.php(104): ReflectionMethod->invokeArgs()
#11 /media/data/www/ir.irk/framework/web/actions/CInlineAction.php(48): CInlineAction->runWithParamsInternal()
#12 /media/data/www/ir.irk/framework/web/CController.php(300): CInlineAction->runWithParams()
#13 /media/data/www/ir.irk/framework/web/filters/CFilterChain.php(133): PagesController->runAction()
#14 /media/data/www/ir.irk/framework/web/filters/CFilter.php(41): CFilterChain->run()
#15 /media/data/www/ir.irk/framework/web/CController.php(1122): CAccessControlFilter->filter()
#16 /media/data/www/ir.irk/framework/web/filters/CInlineFilter.php(59): PagesController->filterAccessControl()
#17 /media/data/www/ir.irk/framework/web/filters/CFilterChain.php(130): CInlineFilter->filter()
#18 /media/data/www/ir.irk/framework/web/CController.php(283): CFilterChain->run()
#19 /media/data/www/ir.irk/framework/web/CController.php(257): PagesController->runActionWithFilters()
#20 /media/data/www/ir.irk/framework/web/CWebApplication.php(328): PagesController->run()
#21 /media/data/www/ir.irk/framework/web/CWebApplication.php(121): CWebApplication->runController()
#22 /media/data/www/ir.irk/framework/base/CApplication.php(155): CWebApplication->processRequest()
#23 /media/data/www/ir.irk/index.php(13): CWebApplication->run()
REQUEST_URI=/admin/pages/update?id=4
in /media/data/www/ir.irk/protected/runtime/views/4ffdfb12/_form.php (13)
in /media/data/www/ir.irk/protected/runtime/views/4ffdfb12/update.php (3)
in /media/data/www/ir.irk/protected/modules/admin/components/AdminBaseController.php (100)
2011/06/14 12:13:40 [error] [php] Undefined variable: attr (/media/data/www/ir.irk/protected/runtime/views/4ffdfb12/_form.php:13)
Stack trace:
#0 /media/data/www/ir.irk/framework/web/CBaseController.php(86): CPradoViewRenderer->renderFile()
#1 /media/data/www/ir.irk/framework/web/CController.php(866): PagesController->renderFile()
#2 /media/data/www/ir.irk/protected/runtime/views/4ffdfb12/update.php(3): PagesController->renderPartial()
#3 /media/data/www/ir.irk/framework/web/CBaseController.php(119): require()
#4 /media/data/www/ir.irk/framework/web/renderers/CViewRenderer.php(78): PagesController->renderInternal()
#5 /media/data/www/ir.irk/framework/web/CBaseController.php(86): CPradoViewRenderer->renderFile()
#6 /media/data/www/ir.irk/framework/web/CController.php(866): PagesController->renderFile()
#7 /media/data/www/ir.irk/framework/web/CController.php(779): PagesController->renderPartial()
#8 /media/data/www/ir.irk/protected/modules/admin/components/AdminBaseController.php(100): PagesController->render()
#9 unknown(0): PagesController->actionUpdate()
#10 /media/data/www/ir.irk/framework/web/actions/CAction.php(104): ReflectionMethod->invokeArgs()
#11 /media/data/www/ir.irk/framework/web/actions/CInlineAction.php(48): CInlineAction->runWithParamsInternal()
#12 /media/data/www/ir.irk/framework/web/CController.php(300): CInlineAction->runWithParams()
#13 /media/data/www/ir.irk/framework/web/filters/CFilterChain.php(133): PagesController->runAction()
#14 /media/data/www/ir.irk/framework/web/filters/CFilter.php(41): CFilterChain->run()
#15 /media/data/www/ir.irk/framework/web/CController.php(1122): CAccessControlFilter->filter()
#16 /media/data/www/ir.irk/framework/web/filters/CInlineFilter.php(59): PagesController->filterAccessControl()
#17 /media/data/www/ir.irk/framework/web/filters/CFilterChain.php(130): CInlineFilter->filter()
#18 /media/data/www/ir.irk/framework/web/CController.php(283): CFilterChain->run()
#19 /media/data/www/ir.irk/framework/web/CController.php(257): PagesController->runActionWithFilters()
#20 /media/data/www/ir.irk/framework/web/CWebApplication.php(328): PagesController->run()
#21 /media/data/www/ir.irk/framework/web/CWebApplication.php(121): CWebApplication->runController()
#22 /media/data/www/ir.irk/framework/base/CApplication.php(155): CWebApplication->processRequest()
#23 /media/data/www/ir.irk/index.php(13): CWebApplication->run()
REQUEST_URI=/admin/pages/update?id=4
in /media/data/www/ir.irk/protected/runtime/views/4ffdfb12/_form.php (13)
in /media/data/www/ir.irk/protected/runtime/views/4ffdfb12/update.php (3)
in /media/data/www/ir.irk/protected/modules/admin/components/AdminBaseController.php (100)
2011/06/14 12:14:03 [error] [php] Undefined variable: attr (/media/data/www/ir.irk/protected/runtime/views/4ffdfb12/_form.php:13)
Stack trace:
#0 /media/data/www/ir.irk/framework/web/CBaseController.php(86): CPradoViewRenderer->renderFile()
#1 /media/data/www/ir.irk/framework/web/CController.php(866): PagesController->renderFile()
#2 /media/data/www/ir.irk/protected/runtime/views/4ffdfb12/update.php(3): PagesController->renderPartial()
#3 /media/data/www/ir.irk/framework/web/CBaseController.php(119): require()
#4 /media/data/www/ir.irk/framework/web/renderers/CViewRenderer.php(78): PagesController->renderInternal()
#5 /media/data/www/ir.irk/framework/web/CBaseController.php(86): CPradoViewRenderer->renderFile()
#6 /media/data/www/ir.irk/framework/web/CController.php(866): PagesController->renderFile()
#7 /media/data/www/ir.irk/framework/web/CController.php(779): PagesController->renderPartial()
#8 /media/data/www/ir.irk/protected/modules/admin/components/AdminBaseController.php(100): PagesController->render()
#9 unknown(0): PagesController->actionUpdate()
#10 /media/data/www/ir.irk/framework/web/actions/CAction.php(104): ReflectionMethod->invokeArgs()
#11 /media/data/www/ir.irk/framework/web/actions/CInlineAction.php(48): CInlineAction->runWithParamsInternal()
#12 /media/data/www/ir.irk/framework/web/CController.php(300): CInlineAction->runWithParams()
#13 /media/data/www/ir.irk/framework/web/filters/CFilterChain.php(133): PagesController->runAction()
#14 /media/data/www/ir.irk/framework/web/filters/CFilter.php(41): CFilterChain->run()
#15 /media/data/www/ir.irk/framework/web/CController.php(1122): CAccessControlFilter->filter()
#16 /media/data/www/ir.irk/framework/web/filters/CInlineFilter.php(59): PagesController->filterAccessControl()
#17 /media/data/www/ir.irk/framework/web/filters/CFilterChain.php(130): CInlineFilter->filter()
#18 /media/data/www/ir.irk/framework/web/CController.php(283): CFilterChain->run()
#19 /media/data/www/ir.irk/framework/web/CController.php(257): PagesController->runActionWithFilters()
#20 /media/data/www/ir.irk/framework/web/CWebApplication.php(328): PagesController->run()
#21 /media/data/www/ir.irk/framework/web/CWebApplication.php(121): CWebApplication->runController()
#22 /media/data/www/ir.irk/framework/base/CApplication.php(155): CWebApplication->processRequest()
#23 /media/data/www/ir.irk/index.php(13): CWebApplication->run()
REQUEST_URI=/admin/pages/update?id=4
in /media/data/www/ir.irk/protected/runtime/views/4ffdfb12/_form.php (13)
in /media/data/www/ir.irk/protected/runtime/views/4ffdfb12/update.php (3)
in /media/data/www/ir.irk/protected/modules/admin/components/AdminBaseController.php (100)
2011/06/14 12:14:05 [error] [php] Undefined variable: attr (/media/data/www/ir.irk/protected/runtime/views/4ffdfb12/_form.php:13)
Stack trace:
#0 /media/data/www/ir.irk/framework/web/CBaseController.php(86): CPradoViewRenderer->renderFile()
#1 /media/data/www/ir.irk/framework/web/CController.php(866): PagesController->renderFile()
#2 /media/data/www/ir.irk/protected/runtime/views/4ffdfb12/update.php(3): PagesController->renderPartial()
#3 /media/data/www/ir.irk/framework/web/CBaseController.php(119): require()
#4 /media/data/www/ir.irk/framework/web/renderers/CViewRenderer.php(78): PagesController->renderInternal()
#5 /media/data/www/ir.irk/framework/web/CBaseController.php(86): CPradoViewRenderer->renderFile()
#6 /media/data/www/ir.irk/framework/web/CController.php(866): PagesController->renderFile()
#7 /media/data/www/ir.irk/framework/web/CController.php(779): PagesController->renderPartial()
#8 /media/data/www/ir.irk/protected/modules/admin/components/AdminBaseController.php(100): PagesController->render()
#9 unknown(0): PagesController->actionUpdate()
#10 /media/data/www/ir.irk/framework/web/actions/CAction.php(104): ReflectionMethod->invokeArgs()
#11 /media/data/www/ir.irk/framework/web/actions/CInlineAction.php(48): CInlineAction->runWithParamsInternal()
#12 /media/data/www/ir.irk/framework/web/CController.php(300): CInlineAction->runWithParams()
#13 /media/data/www/ir.irk/framework/web/filters/CFilterChain.php(133): PagesController->runAction()
#14 /media/data/www/ir.irk/framework/web/filters/CFilter.php(41): CFilterChain->run()
#15 /media/data/www/ir.irk/framework/web/CController.php(1122): CAccessControlFilter->filter()
#16 /media/data/www/ir.irk/framework/web/filters/CInlineFilter.php(59): PagesController->filterAccessControl()
#17 /media/data/www/ir.irk/framework/web/filters/CFilterChain.php(130): CInlineFilter->filter()
#18 /media/data/www/ir.irk/framework/web/CController.php(283): CFilterChain->run()
#19 /media/data/www/ir.irk/framework/web/CController.php(257): PagesController->runActionWithFilters()
#20 /media/data/www/ir.irk/framework/web/CWebApplication.php(328): PagesController->run()
#21 /media/data/www/ir.irk/framework/web/CWebApplication.php(121): CWebApplication->runController()
#22 /media/data/www/ir.irk/framework/base/CApplication.php(155): CWebApplication->processRequest()
#23 /media/data/www/ir.irk/index.php(13): CWebApplication->run()
REQUEST_URI=/admin/pages/update?id=4
in /media/data/www/ir.irk/protected/runtime/views/4ffdfb12/_form.php (13)
in /media/data/www/ir.irk/protected/runtime/views/4ffdfb12/update.php (3)
in /media/data/www/ir.irk/protected/modules/admin/components/AdminBaseController.php (100)
2011/06/14 12:18:01 [error] [php] Undefined variable: attr (/media/data/www/ir.irk/protected/runtime/views/4ffdfb12/_form.php:13)
Stack trace:
#0 /media/data/www/ir.irk/framework/web/CBaseController.php(86): CPradoViewRenderer->renderFile()
#1 /media/data/www/ir.irk/framework/web/CController.php(866): PagesController->renderFile()
#2 /media/data/www/ir.irk/protected/runtime/views/4ffdfb12/update.php(3): PagesController->renderPartial()
#3 /media/data/www/ir.irk/framework/web/CBaseController.php(119): require()
#4 /media/data/www/ir.irk/framework/web/renderers/CViewRenderer.php(78): PagesController->renderInternal()
#5 /media/data/www/ir.irk/framework/web/CBaseController.php(86): CPradoViewRenderer->renderFile()
#6 /media/data/www/ir.irk/framework/web/CController.php(866): PagesController->renderFile()
#7 /media/data/www/ir.irk/framework/web/CController.php(779): PagesController->renderPartial()
#8 /media/data/www/ir.irk/protected/modules/admin/components/AdminBaseController.php(100): PagesController->render()
#9 unknown(0): PagesController->actionUpdate()
#10 /media/data/www/ir.irk/framework/web/actions/CAction.php(104): ReflectionMethod->invokeArgs()
#11 /media/data/www/ir.irk/framework/web/actions/CInlineAction.php(48): CInlineAction->runWithParamsInternal()
#12 /media/data/www/ir.irk/framework/web/CController.php(300): CInlineAction->runWithParams()
#13 /media/data/www/ir.irk/framework/web/filters/CFilterChain.php(133): PagesController->runAction()
#14 /media/data/www/ir.irk/framework/web/filters/CFilter.php(41): CFilterChain->run()
#15 /media/data/www/ir.irk/framework/web/CController.php(1122): CAccessControlFilter->filter()
#16 /media/data/www/ir.irk/framework/web/filters/CInlineFilter.php(59): PagesController->filterAccessControl()
#17 /media/data/www/ir.irk/framework/web/filters/CFilterChain.php(130): CInlineFilter->filter()
#18 /media/data/www/ir.irk/framework/web/CController.php(283): CFilterChain->run()
#19 /media/data/www/ir.irk/framework/web/CController.php(257): PagesController->runActionWithFilters()
#20 /media/data/www/ir.irk/framework/web/CWebApplication.php(328): PagesController->run()
#21 /media/data/www/ir.irk/framework/web/CWebApplication.php(121): CWebApplication->runController()
#22 /media/data/www/ir.irk/framework/base/CApplication.php(155): CWebApplication->processRequest()
#23 /media/data/www/ir.irk/index.php(13): CWebApplication->run()
REQUEST_URI=/admin/pages/update?id=4
in /media/data/www/ir.irk/protected/runtime/views/4ffdfb12/_form.php (13)
in /media/data/www/ir.irk/protected/runtime/views/4ffdfb12/update.php (3)
in /media/data/www/ir.irk/protected/modules/admin/components/AdminBaseController.php (100)
2011/06/14 12:18:35 [error] [php] Undefined variable: attr (/media/data/www/ir.irk/protected/runtime/views/4ffdfb12/_form.php:13)
Stack trace:
#0 /media/data/www/ir.irk/framework/web/CBaseController.php(86): CPradoViewRenderer->renderFile()
#1 /media/data/www/ir.irk/framework/web/CController.php(866): PagesController->renderFile()
#2 /media/data/www/ir.irk/protected/runtime/views/4ffdfb12/update.php(3): PagesController->renderPartial()
#3 /media/data/www/ir.irk/framework/web/CBaseController.php(119): require()
#4 /media/data/www/ir.irk/framework/web/renderers/CViewRenderer.php(78): PagesController->renderInternal()
#5 /media/data/www/ir.irk/framework/web/CBaseController.php(86): CPradoViewRenderer->renderFile()
#6 /media/data/www/ir.irk/framework/web/CController.php(866): PagesController->renderFile()
#7 /media/data/www/ir.irk/framework/web/CController.php(779): PagesController->renderPartial()
#8 /media/data/www/ir.irk/protected/modules/admin/components/AdminBaseController.php(100): PagesController->render()
#9 unknown(0): PagesController->actionUpdate()
#10 /media/data/www/ir.irk/framework/web/actions/CAction.php(104): ReflectionMethod->invokeArgs()
#11 /media/data/www/ir.irk/framework/web/actions/CInlineAction.php(48): CInlineAction->runWithParamsInternal()
#12 /media/data/www/ir.irk/framework/web/CController.php(300): CInlineAction->runWithParams()
#13 /media/data/www/ir.irk/framework/web/filters/CFilterChain.php(133): PagesController->runAction()
#14 /media/data/www/ir.irk/framework/web/filters/CFilter.php(41): CFilterChain->run()
#15 /media/data/www/ir.irk/framework/web/CController.php(1122): CAccessControlFilter->filter()
#16 /media/data/www/ir.irk/framework/web/filters/CInlineFilter.php(59): PagesController->filterAccessControl()
#17 /media/data/www/ir.irk/framework/web/filters/CFilterChain.php(130): CInlineFilter->filter()
#18 /media/data/www/ir.irk/framework/web/CController.php(283): CFilterChain->run()
#19 /media/data/www/ir.irk/framework/web/CController.php(257): PagesController->runActionWithFilters()
#20 /media/data/www/ir.irk/framework/web/CWebApplication.php(328): PagesController->run()
#21 /media/data/www/ir.irk/framework/web/CWebApplication.php(121): CWebApplication->runController()
#22 /media/data/www/ir.irk/framework/base/CApplication.php(155): CWebApplication->processRequest()
#23 /media/data/www/ir.irk/index.php(13): CWebApplication->run()
REQUEST_URI=/admin/pages/update?id=4
in /media/data/www/ir.irk/protected/runtime/views/4ffdfb12/_form.php (13)
in /media/data/www/ir.irk/protected/runtime/views/4ffdfb12/update.php (3)
in /media/data/www/ir.irk/protected/modules/admin/components/AdminBaseController.php (100)
2011/06/14 12:19:11 [error] [php] Undefined variable: attr (/media/data/www/ir.irk/protected/runtime/views/4ffdfb12/_form.php:13)
Stack trace:
#0 /media/data/www/ir.irk/framework/web/CBaseController.php(86): CPradoViewRenderer->renderFile()
#1 /media/data/www/ir.irk/framework/web/CController.php(866): PagesController->renderFile()
#2 /media/data/www/ir.irk/protected/runtime/views/4ffdfb12/update.php(3): PagesController->renderPartial()
#3 /media/data/www/ir.irk/framework/web/CBaseController.php(119): require()
#4 /media/data/www/ir.irk/framework/web/renderers/CViewRenderer.php(78): PagesController->renderInternal()
#5 /media/data/www/ir.irk/framework/web/CBaseController.php(86): CPradoViewRenderer->renderFile()
#6 /media/data/www/ir.irk/framework/web/CController.php(866): PagesController->renderFile()
#7 /media/data/www/ir.irk/framework/web/CController.php(779): PagesController->renderPartial()
#8 /media/data/www/ir.irk/protected/modules/admin/components/AdminBaseController.php(100): PagesController->render()
#9 unknown(0): PagesController->actionUpdate()
#10 /media/data/www/ir.irk/framework/web/actions/CAction.php(104): ReflectionMethod->invokeArgs()
#11 /media/data/www/ir.irk/framework/web/actions/CInlineAction.php(48): CInlineAction->runWithParamsInternal()
#12 /media/data/www/ir.irk/framework/web/CController.php(300): CInlineAction->runWithParams()
#13 /media/data/www/ir.irk/framework/web/filters/CFilterChain.php(133): PagesController->runAction()
#14 /media/data/www/ir.irk/framework/web/filters/CFilter.php(41): CFilterChain->run()
#15 /media/data/www/ir.irk/framework/web/CController.php(1122): CAccessControlFilter->filter()
#16 /media/data/www/ir.irk/framework/web/filters/CInlineFilter.php(59): PagesController->filterAccessControl()
#17 /media/data/www/ir.irk/framework/web/filters/CFilterChain.php(130): CInlineFilter->filter()
#18 /media/data/www/ir.irk/framework/web/CController.php(283): CFilterChain->run()
#19 /media/data/www/ir.irk/framework/web/CController.php(257): PagesController->runActionWithFilters()
#20 /media/data/www/ir.irk/framework/web/CWebApplication.php(328): PagesController->run()
#21 /media/data/www/ir.irk/framework/web/CWebApplication.php(121): CWebApplication->runController()
#22 /media/data/www/ir.irk/framework/base/CApplication.php(155): CWebApplication->processRequest()
#23 /media/data/www/ir.irk/index.php(13): CWebApplication->run()
REQUEST_URI=/admin/pages/update?id=4
in /media/data/www/ir.irk/protected/runtime/views/4ffdfb12/_form.php (13)
in /media/data/www/ir.irk/protected/runtime/views/4ffdfb12/update.php (3)
in /media/data/www/ir.irk/protected/modules/admin/components/AdminBaseController.php (100)
2011/06/14 12:19:30 [error] [php] Undefined variable: attr (/media/data/www/ir.irk/protected/runtime/views/4ffdfb12/_form.php:13)
Stack trace:
#0 /media/data/www/ir.irk/framework/web/CBaseController.php(86): CPradoViewRenderer->renderFile()
#1 /media/data/www/ir.irk/framework/web/CController.php(866): PagesController->renderFile()
#2 /media/data/www/ir.irk/protected/runtime/views/4ffdfb12/update.php(3): PagesController->renderPartial()
#3 /media/data/www/ir.irk/framework/web/CBaseController.php(119): require()
#4 /media/data/www/ir.irk/framework/web/renderers/CViewRenderer.php(78): PagesController->renderInternal()
#5 /media/data/www/ir.irk/framework/web/CBaseController.php(86): CPradoViewRenderer->renderFile()
#6 /media/data/www/ir.irk/framework/web/CController.php(866): PagesController->renderFile()
#7 /media/data/www/ir.irk/framework/web/CController.php(779): PagesController->renderPartial()
#8 /media/data/www/ir.irk/protected/modules/admin/components/AdminBaseController.php(100): PagesController->render()
#9 unknown(0): PagesController->actionUpdate()
#10 /media/data/www/ir.irk/framework/web/actions/CAction.php(104): ReflectionMethod->invokeArgs()
#11 /media/data/www/ir.irk/framework/web/actions/CInlineAction.php(48): CInlineAction->runWithParamsInternal()
#12 /media/data/www/ir.irk/framework/web/CController.php(300): CInlineAction->runWithParams()
#13 /media/data/www/ir.irk/framework/web/filters/CFilterChain.php(133): PagesController->runAction()
#14 /media/data/www/ir.irk/framework/web/filters/CFilter.php(41): CFilterChain->run()
#15 /media/data/www/ir.irk/framework/web/CController.php(1122): CAccessControlFilter->filter()
#16 /media/data/www/ir.irk/framework/web/filters/CInlineFilter.php(59): PagesController->filterAccessControl()
#17 /media/data/www/ir.irk/framework/web/filters/CFilterChain.php(130): CInlineFilter->filter()
#18 /media/data/www/ir.irk/framework/web/CController.php(283): CFilterChain->run()
#19 /media/data/www/ir.irk/framework/web/CController.php(257): PagesController->runActionWithFilters()
#20 /media/data/www/ir.irk/framework/web/CWebApplication.php(328): PagesController->run()
#21 /media/data/www/ir.irk/framework/web/CWebApplication.php(121): CWebApplication->runController()
#22 /media/data/www/ir.irk/framework/base/CApplication.php(155): CWebApplication->processRequest()
#23 /media/data/www/ir.irk/index.php(13): CWebApplication->run()
REQUEST_URI=/admin/pages/update?id=10
in /media/data/www/ir.irk/protected/runtime/views/4ffdfb12/_form.php (13)
in /media/data/www/ir.irk/protected/runtime/views/4ffdfb12/update.php (3)
in /media/data/www/ir.irk/protected/modules/admin/components/AdminBaseController.php (100)
2011/06/14 12:26:57 [error] [php] unlink(./protected/runtime/view/) [<a href='function.unlink'>function.unlink</a>]: No such file or directory (/media/data/www/ir.irk/protected/controllers/SiteController.php:75)
Stack trace:
#0 /media/data/www/ir.irk/framework/web/CController.php(300): CInlineAction->runWithParams()
#1 /media/data/www/ir.irk/framework/web/CController.php(278): SiteController->runAction()
#2 /media/data/www/ir.irk/framework/web/CController.php(257): SiteController->runActionWithFilters()
#3 /media/data/www/ir.irk/framework/web/CWebApplication.php(328): SiteController->run()
#4 /media/data/www/ir.irk/framework/web/CWebApplication.php(121): CWebApplication->runController()
#5 /media/data/www/ir.irk/framework/base/CApplication.php(155): CWebApplication->processRequest()
#6 /media/data/www/ir.irk/index.php(13): CWebApplication->run()
REQUEST_URI=/
in /media/data/www/ir.irk/protected/controllers/SiteController.php (75)
in /media/data/www/ir.irk/index.php (13)
2011/06/14 12:27:04 [error] [php] unlink(./protected/runtime/view/) [<a href='function.unlink'>function.unlink</a>]: No such file or directory (/media/data/www/ir.irk/protected/controllers/SiteController.php:75)
Stack trace:
#0 /media/data/www/ir.irk/framework/web/CController.php(300): CInlineAction->runWithParams()
#1 /media/data/www/ir.irk/framework/web/CController.php(278): SiteController->runAction()
#2 /media/data/www/ir.irk/framework/web/CController.php(257): SiteController->runActionWithFilters()
#3 /media/data/www/ir.irk/framework/web/CWebApplication.php(328): SiteController->run()
#4 /media/data/www/ir.irk/framework/web/CWebApplication.php(121): CWebApplication->runController()
#5 /media/data/www/ir.irk/framework/base/CApplication.php(155): CWebApplication->processRequest()
#6 /media/data/www/ir.irk/index.php(13): CWebApplication->run()
REQUEST_URI=/
in /media/data/www/ir.irk/protected/controllers/SiteController.php (75)
in /media/data/www/ir.irk/index.php (13)
2011/06/14 12:27:07 [error] [php] unlink(./protected/runtime/view/) [<a href='function.unlink'>function.unlink</a>]: No such file or directory (/media/data/www/ir.irk/protected/controllers/SiteController.php:75)
Stack trace:
#0 /media/data/www/ir.irk/framework/web/CController.php(300): CInlineAction->runWithParams()
#1 /media/data/www/ir.irk/framework/web/CController.php(278): SiteController->runAction()
#2 /media/data/www/ir.irk/framework/web/CController.php(257): SiteController->runActionWithFilters()
#3 /media/data/www/ir.irk/framework/web/CWebApplication.php(328): SiteController->run()
#4 /media/data/www/ir.irk/framework/web/CWebApplication.php(121): CWebApplication->runController()
#5 /media/data/www/ir.irk/framework/base/CApplication.php(155): CWebApplication->processRequest()
#6 /media/data/www/ir.irk/index.php(13): CWebApplication->run()
REQUEST_URI=/
in /media/data/www/ir.irk/protected/controllers/SiteController.php (75)
in /media/data/www/ir.irk/index.php (13)
2011/06/14 12:27:25 [error] [php] unlink(./protected/runtime/views) [<a href='function.unlink'>function.unlink</a>]: Is a directory (/media/data/www/ir.irk/protected/controllers/SiteController.php:75)
Stack trace:
#0 /media/data/www/ir.irk/framework/web/CController.php(300): CInlineAction->runWithParams()
#1 /media/data/www/ir.irk/framework/web/CController.php(278): SiteController->runAction()
#2 /media/data/www/ir.irk/framework/web/CController.php(257): SiteController->runActionWithFilters()
#3 /media/data/www/ir.irk/framework/web/CWebApplication.php(328): SiteController->run()
#4 /media/data/www/ir.irk/framework/web/CWebApplication.php(121): CWebApplication->runController()
#5 /media/data/www/ir.irk/framework/base/CApplication.php(155): CWebApplication->processRequest()
#6 /media/data/www/ir.irk/index.php(13): CWebApplication->run()
REQUEST_URI=/
in /media/data/www/ir.irk/protected/controllers/SiteController.php (75)
in /media/data/www/ir.irk/index.php (13)
2011/06/14 12:27:33 [error] [php] unlink(./protected/runtime/views/) [<a href='function.unlink'>function.unlink</a>]: Is a directory (/media/data/www/ir.irk/protected/controllers/SiteController.php:75)
Stack trace:
#0 /media/data/www/ir.irk/framework/web/CController.php(300): CInlineAction->runWithParams()
#1 /media/data/www/ir.irk/framework/web/CController.php(278): SiteController->runAction()
#2 /media/data/www/ir.irk/framework/web/CController.php(257): SiteController->runActionWithFilters()
#3 /media/data/www/ir.irk/framework/web/CWebApplication.php(328): SiteController->run()
#4 /media/data/www/ir.irk/framework/web/CWebApplication.php(121): CWebApplication->runController()
#5 /media/data/www/ir.irk/framework/base/CApplication.php(155): CWebApplication->processRequest()
#6 /media/data/www/ir.irk/index.php(13): CWebApplication->run()
REQUEST_URI=/
in /media/data/www/ir.irk/protected/controllers/SiteController.php (75)
in /media/data/www/ir.irk/index.php (13)
2011/06/14 12:28:13 [error] [php] unlink(./protected/runtime/views/) [<a href='function.unlink'>function.unlink</a>]: Is a directory (/media/data/www/ir.irk/protected/controllers/SiteController.php:75)
Stack trace:
#0 /media/data/www/ir.irk/framework/web/CController.php(300): CInlineAction->runWithParams()
#1 /media/data/www/ir.irk/framework/web/CController.php(278): SiteController->runAction()
#2 /media/data/www/ir.irk/framework/web/CController.php(257): SiteController->runActionWithFilters()
#3 /media/data/www/ir.irk/framework/web/CWebApplication.php(328): SiteController->run()
#4 /media/data/www/ir.irk/framework/web/CWebApplication.php(121): CWebApplication->runController()
#5 /media/data/www/ir.irk/framework/base/CApplication.php(155): CWebApplication->processRequest()
#6 /media/data/www/ir.irk/index.php(13): CWebApplication->run()
REQUEST_URI=/
in /media/data/www/ir.irk/protected/controllers/SiteController.php (75)
in /media/data/www/ir.irk/index.php (13)
2011/06/14 12:28:55 [error] [php] unlink(/media/data/www/ir.irk/protected/runtime/views) [<a href='function.unlink'>function.unlink</a>]: Is a directory (/media/data/www/ir.irk/protected/controllers/SiteController.php:75)
Stack trace:
#0 /media/data/www/ir.irk/framework/web/CController.php(300): CInlineAction->runWithParams()
#1 /media/data/www/ir.irk/framework/web/CController.php(278): SiteController->runAction()
#2 /media/data/www/ir.irk/framework/web/CController.php(257): SiteController->runActionWithFilters()
#3 /media/data/www/ir.irk/framework/web/CWebApplication.php(328): SiteController->run()
#4 /media/data/www/ir.irk/framework/web/CWebApplication.php(121): CWebApplication->runController()
#5 /media/data/www/ir.irk/framework/base/CApplication.php(155): CWebApplication->processRequest()
#6 /media/data/www/ir.irk/index.php(13): CWebApplication->run()
REQUEST_URI=/
in /media/data/www/ir.irk/protected/controllers/SiteController.php (75)
in /media/data/www/ir.irk/index.php (13)
2011/06/14 12:29:30 [error] [php] rmdir(/media/data/www/ir.irk/protected/runtime/views) [<a href='function.rmdir'>function.rmdir</a>]: Directory not empty (/media/data/www/ir.irk/protected/controllers/SiteController.php:75)
Stack trace:
#0 /media/data/www/ir.irk/framework/web/CController.php(300): CInlineAction->runWithParams()
#1 /media/data/www/ir.irk/framework/web/CController.php(278): SiteController->runAction()
#2 /media/data/www/ir.irk/framework/web/CController.php(257): SiteController->runActionWithFilters()
#3 /media/data/www/ir.irk/framework/web/CWebApplication.php(328): SiteController->run()
#4 /media/data/www/ir.irk/framework/web/CWebApplication.php(121): CWebApplication->runController()
#5 /media/data/www/ir.irk/framework/base/CApplication.php(155): CWebApplication->processRequest()
#6 /media/data/www/ir.irk/index.php(13): CWebApplication->run()
REQUEST_URI=/
in /media/data/www/ir.irk/protected/controllers/SiteController.php (75)
in /media/data/www/ir.irk/index.php (13)
2011/06/14 12:29:52 [error] [php] rmdir(/media/data/www/ir.irk/protected/runtime/views) [<a href='function.rmdir'>function.rmdir</a>]: Directory not empty (/media/data/www/ir.irk/protected/controllers/SiteController.php:75)
Stack trace:
#0 /media/data/www/ir.irk/framework/web/CController.php(300): CInlineAction->runWithParams()
#1 /media/data/www/ir.irk/framework/web/CController.php(278): SiteController->runAction()
#2 /media/data/www/ir.irk/framework/web/CController.php(257): SiteController->runActionWithFilters()
#3 /media/data/www/ir.irk/framework/web/CWebApplication.php(328): SiteController->run()
#4 /media/data/www/ir.irk/framework/web/CWebApplication.php(121): CWebApplication->runController()
#5 /media/data/www/ir.irk/framework/base/CApplication.php(155): CWebApplication->processRequest()
#6 /media/data/www/ir.irk/index.php(13): CWebApplication->run()
REQUEST_URI=/
in /media/data/www/ir.irk/protected/controllers/SiteController.php (75)
in /media/data/www/ir.irk/index.php (13)
2011/06/14 12:30:15 [warning] [application] Не удалось присвоить небезопасный атрибут "alias".
in /media/data/www/ir.irk/protected/components/BaseClasses/Controller.php (52)
in /media/data/www/ir.irk/protected/modules/admin/components/AdminBaseController.php (88)
in /media/data/www/ir.irk/index.php (13)
2011/06/14 14:15:25 [warning] [application] Не удалось присвоить небезопасный атрибут "second_title".
in /media/data/www/ir.irk/protected/components/BaseClasses/Controller.php (52)
in /media/data/www/ir.irk/protected/modules/admin/components/AdminBaseController.php (113)
in /media/data/www/ir.irk/index.php (13)
2011/06/14 14:15:25 [warning] [application] Не удалось присвоить небезопасный атрибут "portfolioWorksIds".
in /media/data/www/ir.irk/protected/components/BaseClasses/Controller.php (52)
in /media/data/www/ir.irk/protected/modules/admin/components/AdminBaseController.php (113)
in /media/data/www/ir.irk/index.php (13)
2011/06/14 14:15:28 [warning] [application] Не удалось присвоить небезопасный атрибут "second_title".
in /media/data/www/ir.irk/protected/components/BaseClasses/Controller.php (52)
in /media/data/www/ir.irk/protected/modules/admin/components/AdminBaseController.php (113)
in /media/data/www/ir.irk/index.php (13)
2011/06/14 14:15:28 [warning] [application] Не удалось присвоить небезопасный атрибут "portfolioWorksIds".
in /media/data/www/ir.irk/protected/components/BaseClasses/Controller.php (52)
in /media/data/www/ir.irk/protected/modules/admin/components/AdminBaseController.php (113)
in /media/data/www/ir.irk/index.php (13)
2011/06/14 14:15:46 [warning] [application] Не удалось присвоить небезопасный атрибут "second_title".
in /media/data/www/ir.irk/protected/components/BaseClasses/Controller.php (52)
in /media/data/www/ir.irk/protected/modules/admin/components/AdminBaseController.php (113)
in /media/data/www/ir.irk/index.php (13)
2011/06/14 14:15:46 [warning] [application] Не удалось присвоить небезопасный атрибут "portfolioWorksIds".
in /media/data/www/ir.irk/protected/components/BaseClasses/Controller.php (52)
in /media/data/www/ir.irk/protected/modules/admin/components/AdminBaseController.php (113)
in /media/data/www/ir.irk/index.php (13)
2011/06/14 14:16:20 [warning] [application] Не удалось присвоить небезопасный атрибут "second_title".
in /media/data/www/ir.irk/protected/components/BaseClasses/Controller.php (52)
in /media/data/www/ir.irk/protected/modules/admin/components/AdminBaseController.php (113)
in /media/data/www/ir.irk/index.php (13)
2011/06/14 14:16:20 [warning] [application] Не удалось присвоить небезопасный атрибут "portfolioWorksIds".
in /media/data/www/ir.irk/protected/components/BaseClasses/Controller.php (52)
in /media/data/www/ir.irk/protected/modules/admin/components/AdminBaseController.php (113)
in /media/data/www/ir.irk/index.php (13)
2011/06/14 14:16:35 [warning] [application] Не удалось присвоить небезопасный атрибут "second_title".
in /media/data/www/ir.irk/protected/components/BaseClasses/Controller.php (52)
in /media/data/www/ir.irk/protected/modules/admin/components/AdminBaseController.php (113)
in /media/data/www/ir.irk/index.php (13)
2011/06/14 14:16:35 [warning] [application] Не удалось присвоить небезопасный атрибут "portfolioWorksIds".
in /media/data/www/ir.irk/protected/components/BaseClasses/Controller.php (52)
in /media/data/www/ir.irk/protected/modules/admin/components/AdminBaseController.php (113)
in /media/data/www/ir.irk/index.php (13)
2011/06/14 14:16:44 [warning] [application] Не удалось присвоить небезопасный атрибут "second_title".
in /media/data/www/ir.irk/protected/components/BaseClasses/Controller.php (52)
in /media/data/www/ir.irk/protected/modules/admin/components/AdminBaseController.php (113)
in /media/data/www/ir.irk/index.php (13)
2011/06/14 14:16:44 [warning] [application] Не удалось присвоить небезопасный атрибут "portfolioWorksIds".
in /media/data/www/ir.irk/protected/components/BaseClasses/Controller.php (52)
in /media/data/www/ir.irk/protected/modules/admin/components/AdminBaseController.php (113)
in /media/data/www/ir.irk/index.php (13)
2011/06/14 14:16:48 [warning] [application] Не удалось присвоить небезопасный атрибут "second_title".
in /media/data/www/ir.irk/protected/components/BaseClasses/Controller.php (52)
in /media/data/www/ir.irk/protected/modules/admin/components/AdminBaseController.php (113)
in /media/data/www/ir.irk/index.php (13)
2011/06/14 14:16:48 [warning] [application] Не удалось присвоить небезопасный атрибут "portfolioWorksIds".
in /media/data/www/ir.irk/protected/components/BaseClasses/Controller.php (52)
in /media/data/www/ir.irk/protected/modules/admin/components/AdminBaseController.php (113)
in /media/data/www/ir.irk/index.php (13)
2011/06/14 14:18:57 [warning] [application] Не удалось присвоить небезопасный атрибут "second_title".
in /media/data/www/ir.irk/protected/modules/admin/components/AdminBaseController.php (116)
in /media/data/www/ir.irk/index.php (13)
2011/06/14 14:18:57 [warning] [application] Не удалось присвоить небезопасный атрибут "portfolioWorksIds".
in /media/data/www/ir.irk/protected/modules/admin/components/AdminBaseController.php (116)
in /media/data/www/ir.irk/index.php (13)
2011/06/14 14:24:50 [warning] [application] Не удалось присвоить небезопасный атрибут "second_title".
in /media/data/www/ir.irk/protected/modules/admin/components/AdminBaseController.php (116)
in /media/data/www/ir.irk/index.php (13)
2011/06/14 14:24:50 [warning] [application] Не удалось присвоить небезопасный атрибут "portfolioWorksIds".
in /media/data/www/ir.irk/protected/modules/admin/components/AdminBaseController.php (116)
in /media/data/www/ir.irk/index.php (13)
2011/06/14 15:05:21 [warning] [application] Не удалось присвоить небезопасный атрибут "second_title".
in /media/data/www/ir.irk/protected/modules/admin/components/AdminBaseController.php (116)
in /media/data/www/ir.irk/index.php (13)
2011/06/14 15:05:21 [warning] [application] Не удалось присвоить небезопасный атрибут "portfolioWorksIds".
in /media/data/www/ir.irk/protected/modules/admin/components/AdminBaseController.php (116)
in /media/data/www/ir.irk/index.php (13)
2011/06/14 15:05:24 [warning] [application] Не удалось присвоить небезопасный атрибут "second_title".
in /media/data/www/ir.irk/protected/modules/admin/components/AdminBaseController.php (116)
in /media/data/www/ir.irk/index.php (13)
2011/06/14 15:05:24 [warning] [application] Не удалось присвоить небезопасный атрибут "portfolioWorksIds".
in /media/data/www/ir.irk/protected/modules/admin/components/AdminBaseController.php (116)
in /media/data/www/ir.irk/index.php (13)
2011/06/14 16:16:18 [warning] [application] Не удалось присвоить небезопасный атрибут "second_title".
in /media/data/www/ir.irk/protected/modules/admin/components/AdminBaseController.php (116)
in /media/data/www/ir.irk/index.php (13)
2011/06/14 16:16:18 [warning] [application] Не удалось присвоить небезопасный атрибут "portfolioWorksIds".
in /media/data/www/ir.irk/protected/modules/admin/components/AdminBaseController.php (116)
in /media/data/www/ir.irk/index.php (13)
2011/06/14 17:34:22 [error] [exception.CHttpException.404] exception 'CHttpException' with message 'Невозможно обработать запрос "assets/cebc17b7/gridview/jquery.yiigridview.js".' in /media/data/www/ir.irk/framework/web/CWebApplication.php:332
Stack trace:
#0 /media/data/www/ir.irk/framework/web/CWebApplication.php(121): CWebApplication->runController('assets/cebc17b7...')
#1 /media/data/www/ir.irk/framework/base/CApplication.php(155): CWebApplication->processRequest()
#2 /media/data/www/ir.irk/index.php(13): CApplication->run()
#3 {main} REQUEST_URI=/assets/cebc17b7/gridview/jquery.yiigridview.js
2011/06/14 17:34:22 [error] [exception.CHttpException.404] exception 'CHttpException' with message 'Невозможно обработать запрос "assets/cebc17b7/gridview/jquery.yiigridview.js".' in /media/data/www/ir.irk/framework/web/CWebApplication.php:332
Stack trace:
#0 /media/data/www/ir.irk/framework/web/CWebApplication.php(121): CWebApplication->runController('assets/cebc17b7...')
#1 /media/data/www/ir.irk/framework/base/CApplication.php(155): CWebApplication->processRequest()
#2 /media/data/www/ir.irk/index.php(13): CApplication->run()
#3 {main} REQUEST_URI=/assets/cebc17b7/gridview/jquery.yiigridview.js
